<?xml version="1.0" encoding="UTF-8"?>
<!-- Generated by org.testng.reporters.JUnitXMLReporter -->
<testsuite hostname="BLRTESLTP-2132" ignored="0" name="Test" tests="2" failures="1" timestamp="12 Jun 2018 09:41:00 GMT" time="43.513" errors="0">
  <testcase name="deriveFunc" time="20.014" classname="MyFirstProject.Electronics">
    <failure type="java.lang.AssertionError" message="expected [true] but found [false]">
      <![CDATA[java.lang.AssertionError: expected [true] but found [false]
at MyFirstProject.Electronics.deriveFunc(Electronics.java:21)
... Removed 29 stack frames]]>
    </failure>
  </testcase> <!-- deriveFunc -->
  <testcase name="deriveFunc" time="21.695" classname="MyFirstProject.Login"/>
</testsuite> <!-- Test -->
